'0:0:0:0:0:0:0:1 - - [24-03-20:15:01:21] "GET /gethc HTTP/1.1" 200 13 98898 Mozilla/5.0 (Windows NT 10.0; Win64; x64) AppleWebKit/537.36 (KHTML, like Gecko) Chrome/122.0.0.0 Safari/537.36'
'0:0:0:0:0:0:0:1 - - [24-03-20:15:01:21] "GET /favicon.ico HTTP/1.1" 404 4361 105542 Mozilla/5.0 (Windows NT 10.0; Win64; x64) AppleWebKit/537.36 (KHTML, like Gecko) Chrome/122.0.0.0 Safari/537.36'
'0:0:0:0:0:0:0:1 - - [24-03-26:14:25:50] "POST /clcc/hmCucn/v1/hmArsStafDatRtmTsms HTTP/1.1" 417 64 263044 PostmanRuntime/7.36.1'
'0:0:0:0:0:0:0:1 - - [24-03-26:14:30:45] "POST /clcc/hmCucn/v1/hmArsStafDatRtmTsms HTTP/1.1" 417 64 43154 PostmanRuntime/7.36.1'
'0:0:0:0:0:0:0:1 - - [24-03-26:14:31:52] "POST /clcc/hmCucn/v1/luncRsvCallTsms HTTP/1.1" 200 81 2272765 PostmanRuntime/7.36.1'
'0:0:0:0:0:0:0:1 - - [24-03-26:14:33:00] "POST /clcc/hmCucn/v1/luncRsvCallTsms HTTP/1.1" 200 81 4443 PostmanRuntime/7.36.1'
'0:0:0:0:0:0:0:1 - - [24-03-26:14:33:17] "POST /clcc/hmCucn/v1/luncRsvCallTsms HTTP/1.1" 200 81 21906 PostmanRuntime/7.36.1'
'0:0:0:0:0:0:0:1 - - [24-03-26:14:33:35] "POST /clcc/hmCucn/v1/luncRsvCallTsms HTTP/1.1" 200 81 11532 PostmanRuntime/7.36.1'
'0:0:0:0:0:0:0:1 - - [24-03-26:14:35:20] "POST /clcc/hmCucn/v1/luncRsvCallTsms HTTP/1.1" 200 81 28979 PostmanRuntime/7.36.1'
'0:0:0:0:0:0:0:1 - - [24-03-26:14:37:46] "POST /clcc/hmCucn/v1/luncRsvCallTsms HTTP/1.1" 200 81 19515 PostmanRuntime/7.36.1'
'0:0:0:0:0:0:0:1 - - [24-03-26:14:39:28] "POST /clcc/hmCucn/v1/luncRsvCallTsms HTTP/1.1" 200 338 27479 PostmanRuntime/7.36.1'
'0:0:0:0:0:0:0:1 - - [24-03-26:14:41:55] "POST /clcc/hmCucn/v1/luncRsvCallTsms HTTP/1.1" 200 567 371911 PostmanRuntime/7.36.1'
'0:0:0:0:0:0:0:1 - - [24-03-26:14:48:59] "POST /clcc/hmCucn/v1/luncRsvCallTsms HTTP/1.1" 200 468 43327 PostmanRuntime/7.36.1'
'0:0:0:0:0:0:0:1 - - [24-03-26:14:53:27] "POST /clcc/hmCucn/v1/luncRsvCallTsms HTTP/1.1" 200 426 29376 PostmanRuntime/7.36.1'
'0:0:0:0:0:0:0:1 - - [24-03-26:14:57:59] "POST /clcc/hmCucn/v1/luncRsvCallTsms HTTP/1.1" 200 81 613705 PostmanRuntime/7.36.1'
'0:0:0:0:0:0:0:1 - - [24-03-26:14:58:20] "POST /clcc/hmCucn/v1/luncRsvCallTsms HTTP/1.1" 200 76 378140 PostmanRuntime/7.36.1'
'0:0:0:0:0:0:0:1 - - [24-03-27:13:48:02] "GET /gcapi-action HTTP/1.1" 405 5050 506038 PostmanRuntime/7.36.1'
'0:0:0:0:0:0:0:1 - - [24-03-27:13:48:29] "POST /gcapi-action HTTP/1.1" 400 5630 20643 PostmanRuntime/7.36.1'
'0:0:0:0:0:0:0:1 - - [24-03-27:13:49:53] "POST /gcapi-action HTTP/1.1" 400 5630 8707 PostmanRuntime/7.36.1'
'0:0:0:0:0:0:0:1 - - [24-03-27:14:52:19] "POST /gcapi-action HTTP/1.1" 500 5329 598292 PostmanRuntime/7.36.1'
'0:0:0:0:0:0:0:1 - - [24-03-27:14:54:50] "POST /gcapi-action HTTP/1.1" 500 5329 38538 PostmanRuntime/7.36.1'
'0:0:0:0:0:0:0:1 - - [24-03-27:14:56:46] "POST /gcapi-action HTTP/1.1" 500 5329 23349 PostmanRuntime/7.36.1'
'0:0:0:0:0:0:0:1 - - [24-03-27:14:59:07] "POST /gcapi-action HTTP/1.1" 400 8101 37741 PostmanRuntime/7.36.1'
'0:0:0:0:0:0:0:1 - - [24-03-27:14:59:23] "POST /gcapi-action HTTP/1.1" 400 8101 15387 PostmanRuntime/7.36.1'
'0:0:0:0:0:0:0:1 - - [24-03-27:15:01:00] "POST /gcapi-action HTTP/1.1" 400 8101 26296 PostmanRuntime/7.36.1'
'0:0:0:0:0:0:0:1 - - [24-03-27:15:01:44] "POST /gcapi-action HTTP/1.1" 400 7678 9231 PostmanRuntime/7.36.1'
'0:0:0:0:0:0:0:1 - - [24-03-27:15:02:32] "POST /gcapi-action HTTP/1.1" 400 7678 34217 PostmanRuntime/7.36.1'
'0:0:0:0:0:0:0:1 - - [24-03-27:15:04:00] "POST /gcapi-action HTTP/1.1" 400 7569 30860 PostmanRuntime/7.36.1'
'0:0:0:0:0:0:0:1 - - [24-03-27:15:04:07] "POST /gcapi-action HTTP/1.1" 500 5329 8913 PostmanRuntime/7.36.1'
'0:0:0:0:0:0:0:1 - - [24-03-27:15:06:03] "POST /gcapi-action HTTP/1.1" 500 5329 34188 PostmanRuntime/7.36.1'
'0:0:0:0:0:0:0:1 - - [24-03-27:15:06:09] "POST /postTest HTTP/1.1" 200 2 17352 PostmanRuntime/7.36.1'
'0:0:0:0:0:0:0:1 - - [24-03-27:15:06:30] "POST /postTest HTTP/1.1" 400 8741 22619 PostmanRuntime/7.36.1'
'0:0:0:0:0:0:0:1 - - [24-03-27:15:06:45] "POST /postTest HTTP/1.1" 400 7589 11850 PostmanRuntime/7.36.1'
'0:0:0:0:0:0:0:1 - - [24-03-27:15:07:13] "POST /postTest HTTP/1.1" 400 7589 13291 PostmanRuntime/7.36.1'
'0:0:0:0:0:0:0:1 - - [24-03-27:15:07:27] "POST /postTest HTTP/1.1" 200 2 5687 PostmanRuntime/7.36.1'
'0:0:0:0:0:0:0:1 - - [24-03-27:15:07:47] "POST /postTest HTTP/1.1" 200 2 14051 PostmanRuntime/7.36.1'
'0:0:0:0:0:0:0:1 - - [24-03-27:15:08:56] "POST /postTest HTTP/1.1" 200 2 3488 PostmanRuntime/7.36.1'
'0:0:0:0:0:0:0:1 - - [24-03-27:15:10:17] "POST /postTest HTTP/1.1" 400 5623 19868 PostmanRuntime/7.36.1'
'0:0:0:0:0:0:0:1 - - [24-03-27:15:10:46] "POST /postTest HTTP/1.1" 200 70 20945 PostmanRuntime/7.36.1'
'0:0:0:0:0:0:0:1 - - [24-03-27:15:12:12] "POST /gcapi-action HTTP/1.1" 500 6454 59478 PostmanRuntime/7.36.1'
'0:0:0:0:0:0:0:1 - - [24-03-27:15:12:55] "POST /gcapi-action HTTP/1.1" 500 6454 16936 PostmanRuntime/7.36.1'
'0:0:0:0:0:0:0:1 - - [24-03-27:15:25:15] "POST /gcapi-action HTTP/1.1" 500 6454 53201 PostmanRuntime/7.36.1'
'0:0:0:0:0:0:0:1 - - [24-03-27:15:25:42] "POST /gcapi-action HTTP/1.1" 500 6454 14000 PostmanRuntime/7.36.1'
'0:0:0:0:0:0:0:1 - - [24-03-27:15:26:40] "POST /gcapi-action HTTP/1.1" 500 6454 22012 PostmanRuntime/7.36.1'
'0:0:0:0:0:0:0:1 - - [24-03-27:15:30:09] "POST /gcapi-action HTTP/1.1" 500 5626 155338 PostmanRuntime/7.36.1'
'0:0:0:0:0:0:0:1 - - [24-03-27:15:35:38] "POST /gcapi-action HTTP/1.1" 400 8134 329766 PostmanRuntime/7.36.1'
'0:0:0:0:0:0:0:1 - - [24-03-27:15:45:05] "POST /gcapi-action HTTP/1.1" 500 6454 122549 PostmanRuntime/7.36.1'
'0:0:0:0:0:0:0:1 - - [24-03-27:15:49:51] "POST /gcapi-action HTTP/1.1" 500 6454 33278 PostmanRuntime/7.36.1'
'0:0:0:0:0:0:0:1 - - [24-03-27:16:14:39] "POST /gcapi-action HTTP/1.1" 500 6454 47977 PostmanRuntime/7.36.1'
'0:0:0:0:0:0:0:1 - - [24-03-27:16:17:25] "POST /gcapi-action HTTP/1.1" 500 6454 24145 PostmanRuntime/7.36.1'
'0:0:0:0:0:0:0:1 - - [24-03-27:16:21:31] "POST /gcapi-action HTTP/1.1" 500 6454 43897 PostmanRuntime/7.36.1'
'0:0:0:0:0:0:0:1 - - [24-03-27:16:27:49] "POST /gcapi-action HTTP/1.1" 500 6454 45427 PostmanRuntime/7.36.1'
'0:0:0:0:0:0:0:1 - - [24-03-27:16:33:27] "POST /gcapi-action HTTP/1.1" 500 5517 49709 PostmanRuntime/7.36.1'
